<?xml version="1.0" encoding="UTF-8"?>
<testsuites name="jest tests" tests="107" failures="0" errors="0" time="24.274">
  <testsuite name="Trailing Slash" errors="0" failures="0" skipped="0" timestamp="2022-11-03T02:39:47" time="5.725" tests="10">
    <testcase classname="Trailing Slash adds a trailing slash to a url if one does not exist" name="Trailing Slash adds a trailing slash to a url if one does not exist" time="0.003">
    </testcase>
    <testcase classname="Trailing Slash doesnt change the url if it has a trailing slash" name="Trailing Slash doesnt change the url if it has a trailing slash" time="0.001">
    </testcase>
    <testcase classname="Spotify URI returns a Spotify URI when a valid ID is given" name="Spotify URI returns a Spotify URI when a valid ID is given" time="0.001">
    </testcase>
    <testcase classname="Spotify URI throws an error when an invalid ID is given" name="Spotify URI throws an error when an invalid ID is given" time="0.015">
    </testcase>
    <testcase classname="Spotify ID returns true when a valid ID is given" name="Spotify ID returns true when a valid ID is given" time="0.001">
    </testcase>
    <testcase classname="Spotify ID returns false when an invalid ID is given" name="Spotify ID returns false when an invalid ID is given" time="0.001">
    </testcase>
    <testcase classname="Create URI returns a Spotify URI when a valid ID is given" name="Create URI returns a Spotify URI when a valid ID is given" time="0">
    </testcase>
    <testcase classname="Create URI throws an error when an invalid ID is given" name="Create URI throws an error when an invalid ID is given" time="0.001">
    </testcase>
    <testcase classname="Create URIs returns a Spotify URI when a valid ID is given" name="Create URIs returns a Spotify URI when a valid ID is given" time="0.001">
    </testcase>
    <testcase classname="Create URIs throws an error when an invalid ID is given" name="Create URIs throws an error when an invalid ID is given" time="0.001">
    </testcase>
  </testsuite>
  <testsuite name="Client Auth flow works as expected" errors="0" failures="0" skipped="0" timestamp="2022-11-03T02:39:47" time="7.697" tests="3">
    <testcase classname="Client Auth flow works as expected No initial Client ID or Secret defined" name="Client Auth flow works as expected No initial Client ID or Secret defined" time="0.001">
    </testcase>
    <testcase classname="Client Auth flow works as expected Throws a no client ID or Secret found error when no Client ID or Secret is defined" name="Client Auth flow works as expected Throws a no client ID or Secret found error when no Client ID or Secret is defined" time="0.031">
    </testcase>
    <testcase classname="Client Auth flow works as expected Throws a could not refresh access token error when Client ID or Secret are wrong" name="Client Auth flow works as expected Throws a could not refresh access token error when Client ID or Secret are wrong" time="0.315">
    </testcase>
  </testsuite>
  <testsuite name="Spotify API client works with custom fetch implementations" errors="0" failures="0" skipped="0" timestamp="2022-11-03T02:39:47" time="8.296" tests="2">
    <testcase classname="Spotify API client works with custom fetch implementations works with default fetch implementation" name="Spotify API client works with custom fetch implementations works with default fetch implementation" time="0.62">
    </testcase>
    <testcase classname="Spotify API client works with custom fetch implementations works with custom fetch implementation node-fetch" name="Spotify API client works with custom fetch implementations works with custom fetch implementation node-fetch" time="0.389">
    </testcase>
  </testsuite>
  <testsuite name="spotify.auth API client utility functions work as expected" errors="0" failures="0" skipped="0" timestamp="2022-11-03T02:39:47" time="8.342" tests="13">
    <testcase classname="spotify.auth API client utility functions work as expected No initial access token to be defined" name="spotify.auth API client utility functions work as expected No initial access token to be defined" time="0.002">
    </testcase>
    <testcase classname="spotify.auth API client utility functions work as expected No initial access token" name="spotify.auth API client utility functions work as expected No initial access token" time="0.007">
    </testcase>
    <testcase classname="spotify.auth API client utility functions work as expected Access token is not expired when it does not exist" name="spotify.auth API client utility functions work as expected Access token is not expired when it does not exist" time="0.001">
    </testcase>
    <testcase classname="spotify.auth API client utility functions work as expected Setting access token works successfully" name="spotify.auth API client utility functions work as expected Setting access token works successfully" time="0.001">
    </testcase>
    <testcase classname="spotify.auth API client utility functions work as expected Setting access token with time to expire works successfully" name="spotify.auth API client utility functions work as expected Setting access token with time to expire works successfully" time="0.001">
    </testcase>
    <testcase classname="spotify.auth API client utility functions work as expected Access token can be refreshed" name="spotify.auth API client utility functions work as expected Access token can be refreshed" time="0.306">
    </testcase>
    <testcase classname="spotify.auth API client utility functions work as expected Access token can be refreshed with client auth flow" name="spotify.auth API client utility functions work as expected Access token can be refreshed with client auth flow" time="0.357">
    </testcase>
    <testcase classname="spotify.auth API client utility functions work as expected Access token is not expired after it is refreshed" name="spotify.auth API client utility functions work as expected Access token is not expired after it is refreshed" time="0.419">
    </testcase>
    <testcase classname="spotify.auth API client utility functions work as expected Access token can be cleared" name="spotify.auth API client utility functions work as expected Access token can be cleared" time="0.001">
    </testcase>
    <testcase classname="spotify.auth API client utility functions work as expected Initial client ID is set" name="spotify.auth API client utility functions work as expected Initial client ID is set" time="0">
    </testcase>
    <testcase classname="spotify.auth API client utility functions work as expected Initial client secret is set" name="spotify.auth API client utility functions work as expected Initial client secret is set" time="0">
    </testcase>
    <testcase classname="spotify.auth API client utility functions work as expected Client ID can be cleared" name="spotify.auth API client utility functions work as expected Client ID can be cleared" time="0.001">
    </testcase>
    <testcase classname="spotify.auth API client utility functions work as expected Client Secret can be cleared" name="spotify.auth API client utility functions work as expected Client Secret can be cleared" time="0">
    </testcase>
  </testsuite>
  <testsuite name="creates Spotify API client" errors="0" failures="0" skipped="0" timestamp="2022-11-03T02:39:47" time="8.708" tests="9">
    <testcase classname="creates Spotify API client Without any options by default" name="creates Spotify API client Without any options by default" time="0.005">
    </testcase>
    <testcase classname="creates Spotify API client with a default url" name="creates Spotify API client with a default url" time="0.001">
    </testcase>
    <testcase classname="creates Spotify API client with a custom url" name="creates Spotify API client with a custom url" time="0">
    </testcase>
    <testcase classname="creates Spotify API client with refreshExpiredAccessToken set to false" name="creates Spotify API client with refreshExpiredAccessToken set to false" time="0">
    </testcase>
    <testcase classname="creates Spotify API client with an access token" name="creates Spotify API client with an access token" time="0.334">
    </testcase>
    <testcase classname="creates Spotify API client with an access token expire date" name="creates Spotify API client with an access token expire date" time="0.361">
    </testcase>
    <testcase classname="creates Spotify API client with an access token expire time" name="creates Spotify API client with an access token expire time" time="0.37">
    </testcase>
    <testcase classname="Client can make successful requests returns successful response" name="Client can make successful requests returns successful response" time="0.303">
    </testcase>
    <testcase classname="Client can make successful requests stores the gotten access token after a request" name="Client can make successful requests stores the gotten access token after a request" time="0.001">
    </testcase>
  </testsuite>
  <testsuite name="User Tracks" errors="0" failures="0" skipped="0" timestamp="2022-11-03T02:39:47" time="8.786" tests="2">
    <testcase classname="User Tracks can be added" name="User Tracks can be added" time="0.76">
    </testcase>
    <testcase classname="User Tracks can be removed" name="User Tracks can be removed" time="0.821">
    </testcase>
  </testsuite>
  <testsuite name="User Albums" errors="0" failures="0" skipped="0" timestamp="2022-11-03T02:39:47" time="8.839" tests="2">
    <testcase classname="User Albums can be added" name="User Albums can be added" time="0.727">
    </testcase>
    <testcase classname="User Albums can be removed" name="User Albums can be removed" time="0.776">
    </testcase>
  </testsuite>
  <testsuite name="Spotify API client returns successful responses to searches" errors="0" failures="0" skipped="0" timestamp="2022-11-03T02:39:47" time="10.5" tests="7">
    <testcase classname="Spotify API client returns successful responses to searches returns successful response for generic search" name="Spotify API client returns successful responses to searches returns successful response for generic search" time="0.752">
    </testcase>
    <testcase classname="Spotify API client returns successful responses to searches returns successful response for searchAlbums" name="Spotify API client returns successful responses to searches returns successful response for searchAlbums" time="0.525">
    </testcase>
    <testcase classname="Spotify API client returns successful responses to searches returns successful response for searchArtists" name="Spotify API client returns successful responses to searches returns successful response for searchArtists" time="0.397">
    </testcase>
    <testcase classname="Spotify API client returns successful responses to searches returns successful response for searchTracks" name="Spotify API client returns successful responses to searches returns successful response for searchTracks" time="0.481">
    </testcase>
    <testcase classname="Spotify API client returns successful responses to searches returns successful response for searchPlaylists" name="Spotify API client returns successful responses to searches returns successful response for searchPlaylists" time="0.434">
    </testcase>
    <testcase classname="Spotify API client returns successful responses to searches returns successful response for searchShows" name="Spotify API client returns successful responses to searches returns successful response for searchShows" time="0.395">
    </testcase>
    <testcase classname="Spotify API client returns successful responses to searches returns successful response for searchEpisodes" name="Spotify API client returns successful responses to searches returns successful response for searchEpisodes" time="0.434">
    </testcase>
  </testsuite>
  <testsuite name="Follow Users" errors="0" failures="0" skipped="0" timestamp="2022-11-03T02:39:47" time="12.846" tests="6">
    <testcase classname="Follow Users can follow" name="Follow Users can follow" time="0.732">
    </testcase>
    <testcase classname="Follow Users can unfollow" name="Follow Users can unfollow" time="0.742">
    </testcase>
    <testcase classname="Follow Artists can follow" name="Follow Artists can follow" time="0.742">
    </testcase>
    <testcase classname="Follow Artists can unfollow" name="Follow Artists can unfollow" time="0.744">
    </testcase>
    <testcase classname="Follow Playlist can follow" name="Follow Playlist can follow" time="1.392">
    </testcase>
    <testcase classname="Follow Playlist can unfollow" name="Follow Playlist can unfollow" time="1.219">
    </testcase>
  </testsuite>
  <testsuite name="User API endpoints work as expected" errors="0" failures="0" skipped="0" timestamp="2022-11-03T02:39:47" time="13.036" tests="14">
    <testcase classname="User API endpoints work as expected Get Current User Profile" name="User API endpoints work as expected Get Current User Profile" time="0.39">
    </testcase>
    <testcase classname="User API endpoints work as expected Get Current users Top Artists" name="User API endpoints work as expected Get Current users Top Artists" time="0.463">
    </testcase>
    <testcase classname="User API endpoints work as expected Get Current users Top Tracks" name="User API endpoints work as expected Get Current users Top Tracks" time="0.43">
    </testcase>
    <testcase classname="User API endpoints work as expected Get Current users Recently Played Tracks" name="User API endpoints work as expected Get Current users Recently Played Tracks" time="0.51">
    </testcase>
    <testcase classname="User API endpoints work as expected Get Current users Saved Albums" name="User API endpoints work as expected Get Current users Saved Albums" time="0.49">
    </testcase>
    <testcase classname="User API endpoints work as expected Get Current users Saved Tracks" name="User API endpoints work as expected Get Current users Saved Tracks" time="0.54">
    </testcase>
    <testcase classname="User API endpoints work as expected Get Current users saved shows" name="User API endpoints work as expected Get Current users saved shows" time="0.391">
    </testcase>
    <testcase classname="User API endpoints work as expected Get Current users playlists" name="User API endpoints work as expected Get Current users playlists" time="0.446">
    </testcase>
    <testcase classname="User API endpoints work as expected Get Current users Followed Artists" name="User API endpoints work as expected Get Current users Followed Artists" time="0.37">
    </testcase>
    <testcase classname="User API endpoints work as expected Get if a list of tracks is in Current users Saved Tracks" name="User API endpoints work as expected Get if a list of tracks is in Current users Saved Tracks" time="0.368">
    </testcase>
    <testcase classname="User API endpoints work as expected Get if a list of shows is in Current users Saved Shows" name="User API endpoints work as expected Get if a list of shows is in Current users Saved Shows" time="0.363">
    </testcase>
    <testcase classname="User API endpoints work as expected Get if a list of albums is in Current users Saved Albums" name="User API endpoints work as expected Get if a list of albums is in Current users Saved Albums" time="0.391">
    </testcase>
    <testcase classname="User API endpoints work as expected Get if current user follows other users" name="User API endpoints work as expected Get if current user follows other users" time="0.376">
    </testcase>
    <testcase classname="User API endpoints work as expected Get if current user follows artists" name="User API endpoints work as expected Get if current user follows artists" time="0.367">
    </testcase>
  </testsuite>
  <testsuite name="Playlists can be created, modified, and deleted" errors="0" failures="0" skipped="0" timestamp="2022-11-03T02:39:47" time="14.465" tests="4">
    <testcase classname="Playlists can be created, modified, and deleted can be created and deleted" name="Playlists can be created, modified, and deleted can be created and deleted" time="1.442">
    </testcase>
    <testcase classname="Playlists can be created, modified, and deleted can be modified" name="Playlists can be created, modified, and deleted can be modified" time="1.805">
    </testcase>
    <testcase classname="Playlists can be created, modified, and deleted can have tracks added" name="Playlists can be created, modified, and deleted can have tracks added" time="1.447">
    </testcase>
    <testcase classname="Playlists can be created, modified, and deleted can have tracks removed" name="Playlists can be created, modified, and deleted can have tracks removed" time="2.168">
    </testcase>
  </testsuite>
  <testsuite name="Spotify API client returns successful responses to GET requests" errors="0" failures="0" skipped="0" timestamp="2022-11-03T02:39:47" time="23.831" tests="35">
    <testcase classname="Spotify API client returns successful responses to GET requests returns successful response for getAlbum" name="Spotify API client returns successful responses to GET requests returns successful response for getAlbum" time="0.661">
    </testcase>
    <testcase classname="Spotify API client returns successful responses to GET requests returns successful response for getAlbums" name="Spotify API client returns successful responses to GET requests returns successful response for getAlbums" time="0.391">
    </testcase>
    <testcase classname="Spotify API client returns successful responses to GET requests returns successful response for getAlbumTracks" name="Spotify API client returns successful responses to GET requests returns successful response for getAlbumTracks" time="0.359">
    </testcase>
    <testcase classname="Spotify API client returns successful responses to GET requests returns successful response for getArtist" name="Spotify API client returns successful responses to GET requests returns successful response for getArtist" time="0.378">
    </testcase>
    <testcase classname="Spotify API client returns successful responses to GET requests returns successful response for getArtistAlbums" name="Spotify API client returns successful responses to GET requests returns successful response for getArtistAlbums" time="0.448">
    </testcase>
    <testcase classname="Spotify API client returns successful responses to GET requests returns successful response for getArtistTopTracks" name="Spotify API client returns successful responses to GET requests returns successful response for getArtistTopTracks" time="0.371">
    </testcase>
    <testcase classname="Spotify API client returns successful responses to GET requests returns successful response for getArtistRelatedArtists" name="Spotify API client returns successful responses to GET requests returns successful response for getArtistRelatedArtists" time="0.373">
    </testcase>
    <testcase classname="Spotify API client returns successful responses to GET requests returns successful response for getArtists" name="Spotify API client returns successful responses to GET requests returns successful response for getArtists" time="0.374">
    </testcase>
    <testcase classname="Spotify API client returns successful responses to GET requests returns successful response for getAudioFeaturesForTrack" name="Spotify API client returns successful responses to GET requests returns successful response for getAudioFeaturesForTrack" time="0.373">
    </testcase>
    <testcase classname="Spotify API client returns successful responses to GET requests returns successful response for getAudioFeaturesForTracks" name="Spotify API client returns successful responses to GET requests returns successful response for getAudioFeaturesForTracks" time="0.367">
    </testcase>
    <testcase classname="Spotify API client returns successful responses to GET requests returns successful response for getAudioAnalysisForTrack" name="Spotify API client returns successful responses to GET requests returns successful response for getAudioAnalysisForTrack" time="0.977">
    </testcase>
    <testcase classname="Spotify API client returns successful responses to GET requests returns successful response for getAvailableGenreSeeds" name="Spotify API client returns successful responses to GET requests returns successful response for getAvailableGenreSeeds" time="0.338">
    </testcase>
    <testcase classname="Spotify API client returns successful responses to GET requests returns successful response for getCategories" name="Spotify API client returns successful responses to GET requests returns successful response for getCategories" time="0.345">
    </testcase>
    <testcase classname="Spotify API client returns successful responses to GET requests returns successful response for getCategory" name="Spotify API client returns successful responses to GET requests returns successful response for getCategory" time="0.357">
    </testcase>
    <testcase classname="Spotify API client returns successful responses to GET requests returns successful response for getCategoryPlaylists" name="Spotify API client returns successful responses to GET requests returns successful response for getCategoryPlaylists" time="0.412">
    </testcase>
    <testcase classname="Spotify API client returns successful responses to GET requests returns successful response for getFeaturedPlaylists" name="Spotify API client returns successful responses to GET requests returns successful response for getFeaturedPlaylists" time="0.37">
    </testcase>
    <testcase classname="Spotify API client returns successful responses to GET requests returns successful response for getNewReleases" name="Spotify API client returns successful responses to GET requests returns successful response for getNewReleases" time="0.399">
    </testcase>
    <testcase classname="Spotify API client returns successful responses to GET requests returns successful response for getRecommendations" name="Spotify API client returns successful responses to GET requests returns successful response for getRecommendations" time="0.573">
    </testcase>
    <testcase classname="Spotify API client returns successful responses to GET requests returns successful response for getTrack" name="Spotify API client returns successful responses to GET requests returns successful response for getTrack" time="0.364">
    </testcase>
    <testcase classname="Spotify API client returns successful responses to GET requests returns successful response for getTracks" name="Spotify API client returns successful responses to GET requests returns successful response for getTracks" time="0.343">
    </testcase>
    <testcase classname="Spotify API client returns successful responses to GET requests returns successful response for getShow" name="Spotify API client returns successful responses to GET requests returns successful response for getShow" time="0.461">
    </testcase>
    <testcase classname="Spotify API client returns successful responses to GET requests returns successful response for getShow with market" name="Spotify API client returns successful responses to GET requests returns successful response for getShow with market" time="0.442">
    </testcase>
    <testcase classname="Spotify API client returns successful responses to GET requests returns successful response for getShows with market" name="Spotify API client returns successful responses to GET requests returns successful response for getShows with market" time="0.394">
    </testcase>
    <testcase classname="Spotify API client returns successful responses to GET requests returns successful response for getShowEpisodes" name="Spotify API client returns successful responses to GET requests returns successful response for getShowEpisodes" time="0.613">
    </testcase>
    <testcase classname="Spotify API client returns successful responses to GET requests returns successful response for getShowEpisodes with market" name="Spotify API client returns successful responses to GET requests returns successful response for getShowEpisodes with market" time="0.572">
    </testcase>
    <testcase classname="Spotify API client returns successful responses to GET requests returns successful response for getEpisode" name="Spotify API client returns successful responses to GET requests returns successful response for getEpisode" time="0.42">
    </testcase>
    <testcase classname="Spotify API client returns successful responses to GET requests returns successful response for getEpisode with market" name="Spotify API client returns successful responses to GET requests returns successful response for getEpisode with market" time="0.419">
    </testcase>
    <testcase classname="Spotify API client returns successful responses to GET requests returns successful response for getEpisodes" name="Spotify API client returns successful responses to GET requests returns successful response for getEpisodes" time="0.501">
    </testcase>
    <testcase classname="Spotify API client returns successful responses to GET requests returns successful response for getEpisodes with market" name="Spotify API client returns successful responses to GET requests returns successful response for getEpisodes with market" time="0.469">
    </testcase>
    <testcase classname="Spotify API client returns successful responses to GET requests returns successful response for getPlaylist" name="Spotify API client returns successful responses to GET requests returns successful response for getPlaylist" time="0.823">
    </testcase>
    <testcase classname="Spotify API client returns successful responses to GET requests returns successful response for getPlaylistTracks" name="Spotify API client returns successful responses to GET requests returns successful response for getPlaylistTracks" time="0.848">
    </testcase>
    <testcase classname="Spotify API client returns successful responses to GET requests returns successful response for getPlaylistCoverImage" name="Spotify API client returns successful responses to GET requests returns successful response for getPlaylistCoverImage" time="0.452">
    </testcase>
    <testcase classname="Spotify API client returns successful responses to GET requests returns successful response for getUser" name="Spotify API client returns successful responses to GET requests returns successful response for getUser" time="0.429">
    </testcase>
    <testcase classname="Spotify API client returns successful responses to GET requests returns successful responseexpect(await spotifyUserAuth.containsMySavedTracks(tracks)).toStrictEqual([true, true, true]); for getUserPlaylists" name="Spotify API client returns successful responses to GET requests returns successful responseexpect(await spotifyUserAuth.containsMySavedTracks(tracks)).toStrictEqual([true, true, true]); for getUserPlaylists" time="0.761">
    </testcase>
    <testcase classname="Spotify API client returns successful responses to GET requests Get if users are following a playlist" name="Spotify API client returns successful responses to GET requests Get if users are following a playlist" time="0.387">
    </testcase>
  </testsuite>
</testsuites>